<?xml version="1.0" encoding="UTF-8"?>
<testsuite xmlns:xsi="http://www.w3.org/2001/XMLSchema-instance" xsi:noNamespaceSchemaLocation="https://maven.apache.org/surefire/maven-surefire-plugin/xsd/surefire-test-report.xsd" version="3.0.2" name="com.podsho.parabank.runners.TestRunner" time="1.418" tests="1" errors="0" skipped="0" failures="0" flakes="0">
  <properties>
[...]
</properties>
  <testcase name="runScenario[&quot;User logs in using correct authentication&quot;, &quot;Testing login functionality&quot;](1)" classname="com.podsho.parabank.runners.TestRunner" time="0.699">
    <system-out><![CDATA[
Scenario: User logs in using correct authentication                   # classpath:features/login.feature:3
  ✔ Given a user has an existing account with valid credentials       # com.podsho.parabank.stepdefinitions.LoginSteps.a_user_has_an_existing_account_with_valid_credentials()
  ✔ When user calls a login request using their username and password # com.podsho.parabank.stepdefinitions.LoginSteps.user_calls_a_login_request_using_their_username_and_password()
  ✔ Then status code should be 200                                    # com.podsho.parabank.stepdefinitions.LoginSteps.status_code_should_be(java.lang.Integer)
]]></system-out>
    <system-err><![CDATA[SLF4J(W): No SLF4J providers were found.
SLF4J(W): Defaulting to no-operation (NOP) logger implementation
SLF4J(W): See https://www.slf4j.org/codes.html#noProviders for further details.
]]></system-err>
  </testcase>
</testsuite>