<?xml version="1.0" encoding="UTF-8"?>
<testng-results ignored="0" total="1" passed="1" failed="0" skipped="0">
  <reporter-output>
  </reporter-output>
  <suite started-at="2026-08-27T13:07:41 EDT" name="Surefire suite" finished-at="2026-08-27T13:07:43 EDT" duration-ms="1245">
    <groups>
      <group name="cucumber">
        <method signature="AbstractTestNGCucumberTests.runScenario(io.cucumber.testng.PickleWrapper,io.cucumber.testng.FeatureWrapper)[pri:0, instance:com.podsho.parabank.runners.TestRunner@433d61fb]" name="runScenario" class="io.cucumber.testng.AbstractTestNGCucumberTests"/>
      </group> <!-- cucumber -->
    </groups>
    <test started-at="2026-08-27T13:07:41 EDT" name="Surefire test" finished-at="2026-08-27T13:07:43 EDT" duration-ms="1245">
      <class name="com.podsho.parabank.runners.TestRunner">
        <test-method is-config="true" signature="setUpClass(org.testng.ITestContext)[pri:0, instance:com.podsho.parabank.runners.TestRunner@433d61fb]" started-at="2026-08-27T13:07:41 EDT" name="setUpClass" finished-at="2026-08-27T13:07:42 EDT" duration-ms="399" status="PASS">
          <params>
            <param index="0">
              <value>
                <![CDATA[org.testng.TestRunner@200d1a3d]]>
              </value>
            </param>
          </params>
          <reporter-output>
          </reporter-output>
        </test-method> <!-- setUpClass -->
        <test-method signature="runScenario(io.cucumber.testng.PickleWrapper,io.cucumber.testng.FeatureWrapper)[pri:0, instance:com.podsho.parabank.runners.TestRunner@433d61fb]" started-at="2026-08-27T13:07:42 EDT" name="runScenario" description="Runs Cucumber Scenarios" data-provider="scenarios" finished-at="2026-08-27T13:07:42 EDT" duration-ms="698" status="PASS">
          <params>
            <param index="0">
              <value>
                <![CDATA["User logs in using correct authentication"]]>
              </value>
            </param>
            <param index="1">
              <value>
                <![CDATA["Testing login functionality"]]>
              </value>
            </param>
          </params>
          <reporter-output>
          </reporter-output>
        </test-method> <!-- runScenario -->
        <test-method is-config="true" signature="tearDownClass()[pri:0, instance:com.podsho.parabank.runners.TestRunner@433d61fb]" started-at="2026-08-27T13:07:42 EDT" name="tearDownClass" finished-at="2026-08-27T13:07:43 EDT" duration-ms="134" status="PASS">
          <reporter-output>
          </reporter-output>
        </test-method> <!-- tearDownClass -->
      </class> <!-- com.podsho.parabank.runners.TestRunner -->
    </test> <!-- Surefire test -->
  </suite> <!-- Surefire suite -->
</testng-results>
